<?xml version="1.0" encoding="UTF-8"?>
<testsuite xmlns:xsi="http://www.w3.org/2001/XMLSchema-instance" xsi:noNamespaceSchemaLocation="https://maven.apache.org/surefire/maven-surefire-plugin/xsd/surefire-test-report-3.0.xsd" version="3.0" name="com.example.OrderServiceRefactorTest" time="0.107" tests="9" errors="0" skipped="0" failures="0">
  <properties>
[...]
</properties>
  <testcase name="addOrderShouldStoreOrder" classname="com.example.OrderServiceRefactorTest" time="0.033"/>
  <testcase name="removeOrderShouldReturnTrueIfExists" classname="com.example.OrderServiceRefactorTest" time="0.003"/>
  <testcase name="addOrderAllowsEmptyStringButLogsWarning" classname="com.example.OrderServiceRefactorTest" time="0.024">
    <system-err><![CDATA[Oct 01, 2025 11:07:46 PM com.example.OrderServiceRefactor addOrder
WARNING: Empty description for id=99
]]></system-err>
  </testcase>
  <testcase name="addOrderShouldRejectNullDescription" classname="com.example.OrderServiceRefactorTest" time="0.003"/>
  <testcase name="addOrderShouldRejectDuplicateId" classname="com.example.OrderServiceRefactorTest" time="0.001"/>
  <testcase name="printSizeLabelShouldPrintBigAndSmall" classname="com.example.OrderServiceRefactorTest" time="0.003">
    <system-err><![CDATA[Oct 01, 2025 11:07:46 PM com.example.OrderServiceRefactor printSizeLabel
INFO: Small number
Oct 01, 2025 11:07:46 PM com.example.OrderServiceRefactor printSizeLabel
INFO: Big number
Oct 01, 2025 11:07:46 PM com.example.OrderServiceRefactor printSizeLabel
INFO: Small number
Oct 01, 2025 11:07:46 PM com.example.OrderServiceRefactor printSizeLabel
INFO: Big number
]]></system-err>
  </testcase>
  <testcase name="getOrderShouldReturnEmptyOptionalWhenNotFound" classname="com.example.OrderServiceRefactorTest" time="0.001"/>
  <testcase name="safeQueryByNameShouldReturnParameterizedSql" classname="com.example.OrderServiceRefactorTest" time="0.003"/>
  <testcase name="removeOrderShouldReturnFalseIfNotExists" classname="com.example.OrderServiceRefactorTest" time="0.0"/>
</testsuite>